


ARM Macro Assembler    Page 1 


    1 00000000         ;*******************************************************
                       ************
    2 00000000         ; main.s
    3 00000000         ; Author: ***update this***
    4 00000000         ; Date Created: 11/18/2016
    5 00000000         ; Last Modified: 11/18/2016
    6 00000000         ; Section Number: ***update this***
    7 00000000         ; Instructor: ***update this***
    8 00000000         ; Lab number: 6
    9 00000000         ; Brief description of the program
   10 00000000         ;   If the switch is pressed, the LED toggles at 8 Hz
   11 00000000         ; Hardware connections
   12 00000000         ;   PE1 is switch input  (1 means pressed, 0 means not p
                       ressed)
   13 00000000         ;   PE0 is LED output (1 activates external LED on proto
                       board) 
   14 00000000         ; Overall functionality is similar to Lab 5, with three 
                       changes:
   15 00000000         ;   1) Initialize SysTick with RELOAD 0x00FFFFFF 
   16 00000000         ;   2) Add a heartbeat to PF2 that toggles every time th
                       rough loop 
   17 00000000         ;   3) Add debugging dump of input, output, and time
   18 00000000         ; Operation
   19 00000000         ; 1) Make PE0 an output and make PE1 an input. 
   20 00000000         ; 2) The system starts with the LED on (make PE0 =1). 
   21 00000000         ;   3) Wait about 62 ms
   22 00000000         ;   4) If the switch is pressed (PE1 is 1), then toggle 
                       the LED
   23 00000000         ;      once, else turn the LED on.
   24 00000000         ;   5) Steps 3 and 4 are repeated over and over
   25 00000000         ;*******************************************************
                       ************
   26 00000000         
   27 00000000 40024004 
                       SWITCH  EQU              0x40024004  ;PE0
   28 00000000 40024008 
                       LED     EQU              0x40024008  ;PE1
   29 00000000 400FE608 
                       SYSCTL_RCGCGPIO_R
                               EQU              0x400FE608
   30 00000000 00000010 
                       SYSCTL_RCGC2_GPIOE
                               EQU              0x00000010  ;port E Clock Gatin
                                                            g Control
   31 00000000 00000020 
                       SYSCTL_RCGC2_GPIOF
                               EQU              0x00000020  ;port F Clock Gatin
                                                            g Control
   32 00000000 400243FC 
                       GPIO_PORTE_DATA_R
                               EQU              0x400243FC
   33 00000000 40024400 
                       GPIO_PORTE_DIR_R
                               EQU              0x40024400
   34 00000000 40024420 
                       GPIO_PORTE_AFSEL_R
                               EQU              0x40024420
   35 00000000 40024510 
                       GPIO_PORTE_PUR_R



ARM Macro Assembler    Page 2 


                               EQU              0x40024510
   36 00000000 4002451C 
                       GPIO_PORTE_DEN_R
                               EQU              0x4002451C
   37 00000000 400253FC 
                       GPIO_PORTF_DATA_R
                               EQU              0x400253FC
   38 00000000 40025400 
                       GPIO_PORTF_DIR_R
                               EQU              0x40025400
   39 00000000 40025420 
                       GPIO_PORTF_AFSEL_R
                               EQU              0x40025420
   40 00000000 40025510 
                       GPIO_PORTF_PUR_R
                               EQU              0x40025510
   41 00000000 4002551C 
                       GPIO_PORTF_DEN_R
                               EQU              0x4002551C
   42 00000000 40025528 
                       GPIO_PORTF_AMSEL_R
                               EQU              0x40025528
   43 00000000 4002552C 
                       GPIO_PORTF_PCTL_R
                               EQU              0x4002552C
   44 00000000 40025520 
                       GPIO_PORTF_LOCK_R
                               EQU              0x40025520
   45 00000000 40025524 
                       GPIO_PORTF_CR_R
                               EQU              0x40025524
   46 00000000 E000E010 
                       NVIC_ST_CTRL_R
                               EQU              0xE000E010
   47 00000000 E000E014 
                       NVIC_ST_RELOAD_R
                               EQU              0xE000E014
   48 00000000 E000E018 
                       NVIC_ST_CURRENT_R
                               EQU              0xE000E018
   49 00000000 40024528 
                       GPIO_PORTE_AMSEL_R
                               EQU              0x40024528
   50 00000000 4002452C 
                       GPIO_PORTE_PCTL_R
                               EQU              0x4002452C
   51 00000000         
   52 00000000                 THUMB
   53 00000000                 AREA             DATA, ALIGN=4
   54 00000000 00000032 
                       SIZE    EQU              50
   55 00000000         ;You MUST use these two buffers and two variables
   56 00000000         ;You MUST not change their names
   57 00000000 00 00 00 
              00 00 00 
              00 00 00 
              00 00 00 
              00 00 00 
              00 00 00 



ARM Macro Assembler    Page 3 


              00 00 00 
              00 00 00 
              00 00 00 
              00 00 00 
              00 00 00 
              00 00 00 
              00 00 00 
              00 00 00 
              00 00 00 
              00 00 00 
              00 00 00 
              00 00 00 
              00 00 00 
              00 00 00 
              00 00 00 
              00 00 00 
              00 00 00 
              00 00 00 
              00 00 00 
              00 00 00 
              00 00 00 
              00 00 00 
              00 00 00 
              00 00 00 
              00 00 00 
              00 00 00 
              00 00 00 
              00 00 00 
              00 00 00 
              00 00 00 
              00 00 00 
              00 00 00 
              00 00 00 
              00 00 00 
              00 00 00 
              00 00 00 
              00 00 00 
              00 00 00 
              00 00 00 
              00 00 00 
              00 00 00 
              00 00 00 
              00 00 00 
              00 00 00 
              00 00 00 
              00 00 00 
              00 00 00 
              00 00 00 
              00 00 00 
              00 00 00 
              00 00 00 
              00 00 00 
              00 00 00 
              00 00 00 
              00 00 00 
              00 00 00 
              00 00 00 
              00 00 00 
              00 00 00 



ARM Macro Assembler    Page 4 


              00 00 00 
              00 00    DataBuffer
                               SPACE            SIZE*4
   58 000000C8 00 00 00 
              00 00 00 
              00 00 00 
              00 00 00 
              00 00 00 
              00 00 00 
              00 00 00 
              00 00 00 
              00 00 00 
              00 00 00 
              00 00 00 
              00 00 00 
              00 00 00 
              00 00 00 
              00 00 00 
              00 00 00 
              00 00 00 
              00 00 00 
              00 00 00 
              00 00 00 
              00 00 00 
              00 00 00 
              00 00 00 
              00 00 00 
              00 00 00 
              00 00 00 
              00 00 00 
              00 00 00 
              00 00 00 
              00 00 00 
              00 00 00 
              00 00 00 
              00 00 00 
              00 00 00 
              00 00 00 
              00 00 00 
              00 00 00 
              00 00 00 
              00 00 00 
              00 00 00 
              00 00 00 
              00 00 00 
              00 00 00 
              00 00 00 
              00 00 00 
              00 00 00 
              00 00 00 
              00 00 00 
              00 00 00 
              00 00 00 
              00 00 00 
              00 00 00 
              00 00 00 
              00 00 00 
              00 00 00 
              00 00 00 



ARM Macro Assembler    Page 5 


              00 00 00 
              00 00 00 
              00 00 00 
              00 00 00 
              00 00 00 
              00 00 00 
              00 00 00 
              00 00 00 
              00 00 00 
              00 00 00 
              00 00    TimeBuffer
                               SPACE            SIZE*4
   59 00000190 00 00 00 
              00       DataPt  SPACE            4
   60 00000194 00 00 00 
              00       TimePt  SPACE            4
   61 00000198 00 00 00 
              00       CountArray
                               SPACE            4
   62 0000019C 0012EBC0 
                       DELAY_VALUE
                               EQU              0x0012EBC0  ; 0x0012EBC0 for Si
                                                            mulation and 0x000C
                                                            9D2B for Board
   63 0000019C         ;These names MUST be exported
   64 0000019C                 EXPORT           DataBuffer
   65 0000019C                 EXPORT           TimeBuffer
   66 0000019C                 EXPORT           DataPt [DATA,SIZE=4]
   67 0000019C                 EXPORT           TimePt [DATA,SIZE=4]
   68 0000019C                 EXPORT           CountArray [DATA,SIZE=4]
   69 0000019C                 EXPORT           DELAY_VALUE
   70 0000019C         
   71 0000019C                 ALIGN
   72 0000019C                 AREA             |.text|, CODE, READONLY, ALIGN=
2
   73 00000000                 THUMB
   74 00000000                 EXPORT           Start
   75 00000000                 IMPORT           TExaS_Init
   76 00000000         Start
   77 00000000 F7FF FFFE       BL               TExaS_Init  ; running at 80 MHz
                                                            , scope voltmeter o
                                                            n PD3
   78 00000004 F000 F894       BL               PortE_Init
   79 00000008 F000 F8AA       BL               PortF_Init
   80 0000000C F000 F839       BL               Debug_Init
   81 00000010 B662            CPSIE            I           ; TExaS voltmeter, 
                                                            scope runs on inter
                                                            rupts
   82 00000012 485F            LDR              R0,=GPIO_PORTE_DATA_R 
                                                            ; start with LED on
                                                            
   83 00000014 F04F 0101       MOV              R1,#0x01
   84 00000018 6001            STR              R1,[R0]
   85 0000001A         
   86 0000001A         loop
   87 0000001A F000 F863       BL               Debug_Capture
   88 0000001E         continue_loop
   89 0000001E F000 F828       BL               Heart_Beat
   90 00000022 F000 F804       BL               CHECK_INPUT



ARM Macro Assembler    Page 6 


   91 00000026 E7F8            B                loop
   92 00000028         
   93 00000028         DELAY
   94 00000028 1E40            SUBS             R0,R0,#0x01
   95 0000002A D1FD            BNE              DELAY
   96 0000002C 4770            BX               LR
   97 0000002E         
   98 0000002E         CHECK_INPUT
   99 0000002E 4858            LDR              R0,=GPIO_PORTE_DATA_R
  100 00000030 6801            LDR              R1,[R0]
  101 00000032 F001 0103       AND              R1,R1,#0x03
  102 00000036 2903            CMP              R1,#0x03
  103 00000038 D000            BEQ              SWITCH_ON
  104 0000003A D112            BNE              SWITCH_OFF
  105 0000003C         
  106 0000003C         SWITCH_ON
  107 0000003C 4854            LDR              R0,=GPIO_PORTE_DATA_R 
                                                            ; turn LED off
  108 0000003E F04F 0100       MOV              R1,#0x00
  109 00000042 6001            STR              R1,[R0]
  110 00000044 4853            LDR              R0,=DELAY_VALUE
  111 00000046 F7FF FFEF       BL               DELAY
  112 0000004A         ; debug and haertbeat
  113 0000004A F000 F84B       BL               Debug_Capture
  114 0000004E F000 F810       BL               Heart_Beat
  115 00000052 484F            LDR              R0,=GPIO_PORTE_DATA_R 
                                                            ; turn LED on
  116 00000054 F04F 0101       MOV              R1,#0x01
  117 00000058 6001            STR              R1,[R0]
  118 0000005A 484E            LDR              R0,=DELAY_VALUE
  119 0000005C F7FF FFE4       BL               DELAY
  120 00000060 E7DB            B                loop
  121 00000062         
  122 00000062         SWITCH_OFF
  123 00000062 484B            LDR              R0,=GPIO_PORTE_DATA_R
  124 00000064 F04F 0101       MOV              R1,#0x01
  125 00000068 6001            STR              R1,[R0]
  126 0000006A 484A            LDR              R0,=DELAY_VALUE
  127 0000006C F7FF FFDC       BL               DELAY
  128 00000070 E7D3            B                loop
  129 00000072         
  130 00000072         Heart_Beat
  131 00000072 4849            LDR              R0,=GPIO_PORTF_DATA_R
  132 00000074 6801            LDR              R1,[R0]
  133 00000076 F04F 0204       MOV              R2,#0x04
  134 0000007A EA81 0302       EOR              R3,R1,R2
  135 0000007E 6003            STR              R3,[R0]
  136 00000080 4770            BX               LR
  137 00000082         
  138 00000082         ;------------Debug_Init------------
  139 00000082         ; Initializes the debugging instrument
  140 00000082         ; Note: push/pop an even number of registers so C compil
                       er is happy
  141 00000082         Debug_Init
  142 00000082         ; init SysTick
  143 00000082 4946            LDR              R1,=NVIC_ST_CTRL_R
  144 00000084 F04F 0000       MOV              R0,#0
  145 00000088 6008            STR              R0,[R1]     ; 1) disable SysTic
                                                            k during setup



ARM Macro Assembler    Page 7 


  146 0000008A 4945            LDR              R1,=NVIC_ST_RELOAD_R
  147 0000008C F06F 407F       MOV              R0,#0x00FFFFFF
  148 00000090 6008            STR              R0,[R1]     ; 2) maximum reload
                                                             value
  149 00000092 4944            LDR              R1,=NVIC_ST_CURRENT_R
  150 00000094 F04F 0000       MOV              R0,#0
  151 00000098 6008            STR              R0,[R1]     ; 3) any write to c
                                                            urrent clears it
  152 0000009A 4940            LDR              R1,=NVIC_ST_CTRL_R
  153 0000009C F04F 0005       MOV              R0,#0x00000005
  154 000000A0 6008            STR              R0,[R1]     ; 4) enable SysTick
                                                             with core clock BX
                                                             LR
  155 000000A2         ; set count
  156 000000A2 4841            LDR              R0,=CountArray
  157 000000A4 F04F 0101       MOV              R1,#1
  158 000000A8 6001            STR              R1,[R0]
  159 000000AA         ; set up pointers
  160 000000AA 4840            LDR              R0,=DataBuffer
  161 000000AC 4940            LDR              R1,=DataPt
  162 000000AE 6008            STR              R0,[R1]
  163 000000B0 4840            LDR              R0,=TimeBuffer
  164 000000B2 4941            LDR              R1,=TimePt
  165 000000B4 6008            STR              R0,[R1]
  166 000000B6         ; set up arrays
  167 000000B6 F04F 30FF       MOV              R0,#0xFFFFFFFF
  168 000000BA F04F 0100       MOV              R1,#0       ; index
  169 000000BE F04F 0232       MOV              R2,#50      ; number of iterati
                                                            ons
  170 000000C2 4B3A            LDR              R3,=DataBuffer
  171 000000C4         loop1
  172 000000C4 F843 0B04       STR              R0,[R3],#4
  173 000000C8 F101 0101       ADD              R1,R1,#1
  174 000000CC 4291            CMP              R1,R2
  175 000000CE DBF9            BLT              loop1
  176 000000D0 F04F 0100       MOV              R1,#0       ; index
  177 000000D4 4B37            LDR              R3,=TimeBuffer
  178 000000D6         loop2
  179 000000D6 F843 0B04       STR              R0,[R3],#4
  180 000000DA F101 0101       ADD              R1,R1,#1
  181 000000DE 4291            CMP              R1,R2
  182 000000E0 DBF9            BLT              loop2
  183 000000E2 4770            BX               LR
  184 000000E4         
  185 000000E4         ;------------Debug_Capture------------
  186 000000E4         ; Dump Port E and time into buffers
  187 000000E4         ; Note: push/pop an even number of registers so C compil
                       er is happy
  188 000000E4         Debug_Capture
  189 000000E4         ; check count to see if we need to exit
  190 000000E4 4830            LDR              R0,=CountArray
  191 000000E6 6801            LDR              R1,[R0]
  192 000000E8 F04F 0232       MOV              R2,#50      ; equivalent to 50 
                                                            iterations
  193 000000EC 4291            CMP              R1,R2
  194 000000EE DC96            BGT              continue_loop ; return if we ha
                                                            ve already iterated
                                                             50 times
  195 000000F0         ; record the Port E data



ARM Macro Assembler    Page 8 


  196 000000F0 4827            LDR              R0,=GPIO_PORTE_DATA_R
  197 000000F2 6801            LDR              R1,[R0]
  198 000000F4 F001 0103       AND              R1,R1,#0x03
  199 000000F8 F001 0202       AND              R2,R1,#0x02
  200 000000FC EA4F 02C2       LSL              R2,#3
  201 00000100 F001 0101       AND              R1,R1,#0x01
  202 00000104 EA41 0102       ORR              R1,R1,R2
  203 00000108 4829            LDR              R0,=DataPt
  204 0000010A 6802            LDR              R2,[R0]
  205 0000010C 6011            STR              R1,[R2]
  206 0000010E F102 0204       ADD              R2,R2,#4
  207 00000112 6002            STR              R2,[R0]
  208 00000114         ; record SysTick data
  209 00000114 4823            LDR              R0,=NVIC_ST_CURRENT_R
  210 00000116 6801            LDR              R1,[R0]
  211 00000118 4827            LDR              R0,=TimePt
  212 0000011A 6802            LDR              R2,[R0]
  213 0000011C 6011            STR              R1,[R2]
  214 0000011E F102 0204       ADD              R2,R2,#4
  215 00000122 6002            STR              R2,[R0]
  216 00000124         ; increment count
  217 00000124 4820            LDR              R0,=CountArray
  218 00000126 6801            LDR              R1,[R0]
  219 00000128 F101 0101       ADD              R1,R1,#1
  220 0000012C 6001            STR              R1,[R0]
  221 0000012E 4770            BX               LR
  222 00000130         
  223 00000130         PortE_Init
  224 00000130 4822            LDR              R0,=SYSCTL_RCGCGPIO_R
  225 00000132 6801            LDR              R1,[R0]
  226 00000134 F041 0110       ORR              R1,R1, #0x10
  227 00000138 6001            STR              R1,[R0]
  228 0000013A BF00            NOP
  229 0000013C BF00            NOP
  230 0000013E 4820            LDR              R0,=GPIO_PORTE_AMSEL_R
  231 00000140 F04F 0100       MOV              R1,#0x00
  232 00000144 6001            STR              R1,[R0]
  233 00000146 481F            LDR              R0,=GPIO_PORTE_PCTL_R
  234 00000148 6001            STR              R1,[R0]
  235 0000014A 481F            LDR              R0,=GPIO_PORTE_AFSEL_R
  236 0000014C 6001            STR              R1,[R0]
  237 0000014E 481F            LDR              R0,=GPIO_PORTE_DIR_R
  238 00000150 F04F 0101       MOV              R1,#0x01
  239 00000154 6001            STR              R1,[R0]
  240 00000156 481E            LDR              R0,=GPIO_PORTE_DEN_R
  241 00000158 F04F 0103       MOV              R1,#0x03
  242 0000015C 6001            STR              R1,[R0]
  243 0000015E 4770            BX               LR
  244 00000160         
  245 00000160         PortF_Init
  246 00000160 4816            LDR              R0,=SYSCTL_RCGCGPIO_R
  247 00000162 6801            LDR              R1,[R0]
  248 00000164 F041 0120       ORR              R1,R1, #0x20
  249 00000168 6001            STR              R1,[R0]
  250 0000016A BF00            NOP
  251 0000016C BF00            NOP
  252 0000016E 4819            LDR              R0,=GPIO_PORTF_AMSEL_R
  253 00000170 F04F 0100       MOV              R1,#0x00
  254 00000174 6001            STR              R1,[R0]



ARM Macro Assembler    Page 9 


  255 00000176 4818            LDR              R0,=GPIO_PORTF_PCTL_R
  256 00000178 6001            STR              R1,[R0]
  257 0000017A 4818            LDR              R0,=GPIO_PORTF_AFSEL_R
  258 0000017C 6001            STR              R1,[R0]
  259 0000017E 4818            LDR              R0,=GPIO_PORTF_DIR_R
  260 00000180 F04F 0104       MOV              R1,#0x04
  261 00000184 6001            STR              R1,[R0]
  262 00000186 4817            LDR              R0,=GPIO_PORTF_DEN_R
  263 00000188 F04F 0104       MOV              R1,#0x04
  264 0000018C 6001            STR              R1,[R0]
  265 0000018E 4770            BX               LR
  266 00000190         
  267 00000190                 ALIGN                        ; make sure the end
                                                             of this section is
                                                             aligned
  268 00000190                 END                          ; end of file
              400243FC 
              0012EBC0 
              400253FC 
              E000E010 
              E000E014 
              E000E018 
              00000000 
              00000000 
              00000000 
              00000000 
              00000000 
              400FE608 
              40024528 
              4002452C 
              40024420 
              40024400 
              4002451C 
              40025528 
              4002552C 
              40025420 
              40025400 
              4002551C 
Command Line: --debug --xref --cpu=Cortex-M4.fp --apcs=interwork --depend=.\mai
n.d -o.\main.o -IC:\Keil\ARM\RV31\INC -IC:\Keil\ARM\CMSIS\Include -IC:\Keil\ARM
\Inc\TI\TM4C123 --predefine="__EVAL SETA 1" --list=.\main.lst main.s



ARM Macro Assembler    Page 1 Alphabetic symbol ordering
Relocatable symbols

CountArray 00000198

Symbol: CountArray
   Definitions
      At line 61 in file main.s
   Uses
      At line 68 in file main.s
      At line 156 in file main.s
      At line 190 in file main.s
      At line 217 in file main.s

DATA 00000000

Symbol: DATA
   Definitions
      At line 53 in file main.s
   Uses
      None
Comment: DATA unused
DataBuffer 00000000

Symbol: DataBuffer
   Definitions
      At line 57 in file main.s
   Uses
      At line 64 in file main.s
      At line 160 in file main.s
      At line 170 in file main.s

DataPt 00000190

Symbol: DataPt
   Definitions
      At line 59 in file main.s
   Uses
      At line 66 in file main.s
      At line 161 in file main.s
      At line 203 in file main.s

TimeBuffer 000000C8

Symbol: TimeBuffer
   Definitions
      At line 58 in file main.s
   Uses
      At line 65 in file main.s
      At line 163 in file main.s
      At line 177 in file main.s

TimePt 00000194

Symbol: TimePt
   Definitions
      At line 60 in file main.s
   Uses
      At line 67 in file main.s
      At line 164 in file main.s
      At line 211 in file main.s




ARM Macro Assembler    Page 2 Alphabetic symbol ordering
Relocatable symbols

6 symbols



ARM Macro Assembler    Page 1 Alphabetic symbol ordering
Relocatable symbols

.text 00000000

Symbol: .text
   Definitions
      At line 72 in file main.s
   Uses
      None
Comment: .text unused
CHECK_INPUT 0000002E

Symbol: CHECK_INPUT
   Definitions
      At line 98 in file main.s
   Uses
      At line 90 in file main.s
Comment: CHECK_INPUT used once
DELAY 00000028

Symbol: DELAY
   Definitions
      At line 93 in file main.s
   Uses
      At line 95 in file main.s
      At line 111 in file main.s
      At line 119 in file main.s
      At line 127 in file main.s

Debug_Capture 000000E4

Symbol: Debug_Capture
   Definitions
      At line 188 in file main.s
   Uses
      At line 87 in file main.s
      At line 113 in file main.s

Debug_Init 00000082

Symbol: Debug_Init
   Definitions
      At line 141 in file main.s
   Uses
      At line 80 in file main.s
Comment: Debug_Init used once
Heart_Beat 00000072

Symbol: Heart_Beat
   Definitions
      At line 130 in file main.s
   Uses
      At line 89 in file main.s
      At line 114 in file main.s

PortE_Init 00000130

Symbol: PortE_Init
   Definitions
      At line 223 in file main.s
   Uses



ARM Macro Assembler    Page 2 Alphabetic symbol ordering
Relocatable symbols

      At line 78 in file main.s
Comment: PortE_Init used once
PortF_Init 00000160

Symbol: PortF_Init
   Definitions
      At line 245 in file main.s
   Uses
      At line 79 in file main.s
Comment: PortF_Init used once
SWITCH_OFF 00000062

Symbol: SWITCH_OFF
   Definitions
      At line 122 in file main.s
   Uses
      At line 104 in file main.s
Comment: SWITCH_OFF used once
SWITCH_ON 0000003C

Symbol: SWITCH_ON
   Definitions
      At line 106 in file main.s
   Uses
      At line 103 in file main.s
Comment: SWITCH_ON used once
Start 00000000

Symbol: Start
   Definitions
      At line 76 in file main.s
   Uses
      At line 74 in file main.s
Comment: Start used once
continue_loop 0000001E

Symbol: continue_loop
   Definitions
      At line 88 in file main.s
   Uses
      At line 194 in file main.s
Comment: continue_loop used once
loop 0000001A

Symbol: loop
   Definitions
      At line 86 in file main.s
   Uses
      At line 91 in file main.s
      At line 120 in file main.s
      At line 128 in file main.s

loop1 000000C4

Symbol: loop1
   Definitions
      At line 171 in file main.s
   Uses
      At line 175 in file main.s



ARM Macro Assembler    Page 3 Alphabetic symbol ordering
Relocatable symbols

Comment: loop1 used once
loop2 000000D6

Symbol: loop2
   Definitions
      At line 178 in file main.s
   Uses
      At line 182 in file main.s
Comment: loop2 used once
15 symbols



ARM Macro Assembler    Page 1 Alphabetic symbol ordering
Absolute symbols

DELAY_VALUE 0012EBC0

Symbol: DELAY_VALUE
   Definitions
      At line 62 in file main.s
   Uses
      At line 69 in file main.s
      At line 110 in file main.s
      At line 118 in file main.s
      At line 126 in file main.s

GPIO_PORTE_AFSEL_R 40024420

Symbol: GPIO_PORTE_AFSEL_R
   Definitions
      At line 34 in file main.s
   Uses
      At line 235 in file main.s
Comment: GPIO_PORTE_AFSEL_R used once
GPIO_PORTE_AMSEL_R 40024528

Symbol: GPIO_PORTE_AMSEL_R
   Definitions
      At line 49 in file main.s
   Uses
      At line 230 in file main.s
Comment: GPIO_PORTE_AMSEL_R used once
GPIO_PORTE_DATA_R 400243FC

Symbol: GPIO_PORTE_DATA_R
   Definitions
      At line 32 in file main.s
   Uses
      At line 82 in file main.s
      At line 99 in file main.s
      At line 107 in file main.s
      At line 115 in file main.s
      At line 123 in file main.s
      At line 196 in file main.s

GPIO_PORTE_DEN_R 4002451C

Symbol: GPIO_PORTE_DEN_R
   Definitions
      At line 36 in file main.s
   Uses
      At line 240 in file main.s
Comment: GPIO_PORTE_DEN_R used once
GPIO_PORTE_DIR_R 40024400

Symbol: GPIO_PORTE_DIR_R
   Definitions
      At line 33 in file main.s
   Uses
      At line 237 in file main.s
Comment: GPIO_PORTE_DIR_R used once
GPIO_PORTE_PCTL_R 4002452C

Symbol: GPIO_PORTE_PCTL_R



ARM Macro Assembler    Page 2 Alphabetic symbol ordering
Absolute symbols

   Definitions
      At line 50 in file main.s
   Uses
      At line 233 in file main.s
Comment: GPIO_PORTE_PCTL_R used once
GPIO_PORTE_PUR_R 40024510

Symbol: GPIO_PORTE_PUR_R
   Definitions
      At line 35 in file main.s
   Uses
      None
Comment: GPIO_PORTE_PUR_R unused
GPIO_PORTF_AFSEL_R 40025420

Symbol: GPIO_PORTF_AFSEL_R
   Definitions
      At line 39 in file main.s
   Uses
      At line 257 in file main.s
Comment: GPIO_PORTF_AFSEL_R used once
GPIO_PORTF_AMSEL_R 40025528

Symbol: GPIO_PORTF_AMSEL_R
   Definitions
      At line 42 in file main.s
   Uses
      At line 252 in file main.s
Comment: GPIO_PORTF_AMSEL_R used once
GPIO_PORTF_CR_R 40025524

Symbol: GPIO_PORTF_CR_R
   Definitions
      At line 45 in file main.s
   Uses
      None
Comment: GPIO_PORTF_CR_R unused
GPIO_PORTF_DATA_R 400253FC

Symbol: GPIO_PORTF_DATA_R
   Definitions
      At line 37 in file main.s
   Uses
      At line 131 in file main.s
Comment: GPIO_PORTF_DATA_R used once
GPIO_PORTF_DEN_R 4002551C

Symbol: GPIO_PORTF_DEN_R
   Definitions
      At line 41 in file main.s
   Uses
      At line 262 in file main.s
Comment: GPIO_PORTF_DEN_R used once
GPIO_PORTF_DIR_R 40025400

Symbol: GPIO_PORTF_DIR_R
   Definitions
      At line 38 in file main.s
   Uses



ARM Macro Assembler    Page 3 Alphabetic symbol ordering
Absolute symbols

      At line 259 in file main.s
Comment: GPIO_PORTF_DIR_R used once
GPIO_PORTF_LOCK_R 40025520

Symbol: GPIO_PORTF_LOCK_R
   Definitions
      At line 44 in file main.s
   Uses
      None
Comment: GPIO_PORTF_LOCK_R unused
GPIO_PORTF_PCTL_R 4002552C

Symbol: GPIO_PORTF_PCTL_R
   Definitions
      At line 43 in file main.s
   Uses
      At line 255 in file main.s
Comment: GPIO_PORTF_PCTL_R used once
GPIO_PORTF_PUR_R 40025510

Symbol: GPIO_PORTF_PUR_R
   Definitions
      At line 40 in file main.s
   Uses
      None
Comment: GPIO_PORTF_PUR_R unused
LED 40024008

Symbol: LED
   Definitions
      At line 28 in file main.s
   Uses
      None
Comment: LED unused
NVIC_ST_CTRL_R E000E010

Symbol: NVIC_ST_CTRL_R
   Definitions
      At line 46 in file main.s
   Uses
      At line 143 in file main.s
      At line 152 in file main.s

NVIC_ST_CURRENT_R E000E018

Symbol: NVIC_ST_CURRENT_R
   Definitions
      At line 48 in file main.s
   Uses
      At line 149 in file main.s
      At line 209 in file main.s

NVIC_ST_RELOAD_R E000E014

Symbol: NVIC_ST_RELOAD_R
   Definitions
      At line 47 in file main.s
   Uses
      At line 146 in file main.s



ARM Macro Assembler    Page 4 Alphabetic symbol ordering
Absolute symbols

Comment: NVIC_ST_RELOAD_R used once
SIZE 00000032

Symbol: SIZE
   Definitions
      At line 54 in file main.s
   Uses
      At line 57 in file main.s
      At line 58 in file main.s

SWITCH 40024004

Symbol: SWITCH
   Definitions
      At line 27 in file main.s
   Uses
      None
Comment: SWITCH unused
SYSCTL_RCGC2_GPIOE 00000010

Symbol: SYSCTL_RCGC2_GPIOE
   Definitions
      At line 30 in file main.s
   Uses
      None
Comment: SYSCTL_RCGC2_GPIOE unused
SYSCTL_RCGC2_GPIOF 00000020

Symbol: SYSCTL_RCGC2_GPIOF
   Definitions
      At line 31 in file main.s
   Uses
      None
Comment: SYSCTL_RCGC2_GPIOF unused
SYSCTL_RCGCGPIO_R 400FE608

Symbol: SYSCTL_RCGCGPIO_R
   Definitions
      At line 29 in file main.s
   Uses
      At line 224 in file main.s
      At line 246 in file main.s

26 symbols



ARM Macro Assembler    Page 1 Alphabetic symbol ordering
External symbols

TExaS_Init 00000000

Symbol: TExaS_Init
   Definitions
      At line 75 in file main.s
   Uses
      At line 77 in file main.s
Comment: TExaS_Init used once
1 symbol
382 symbols in table
